<?xml version="1.0" encoding="UTF-8"?>
<!-- Generated by org.testng.reporters.JUnitReportReporter -->
<testsuite skipped="0" hostname="LAPTOP-A313QKMS" name="mobiotics.lco.testCases.TC_NavigateToAlertPage_002" tests="1" failures="0" timestamp="28 Mar 2019 09:51:16 GMT" time="3.592" errors="0">
  <testcase name="alertPage" time="3.592" classname="mobiotics.lco.testCases.TC_NavigateToAlertPage_002"/>
</testsuite> <!-- mobiotics.lco.testCases.TC_NavigateToAlertPage_002 -->
