<?xml version="1.0" encoding="UTF-8"?>
<!-- Generated by org.testng.reporters.JUnitReportReporter -->
<testsuite skipped="0" hostname="LAPTOP-A313QKMS" name="mobiotics.lco.testCases.TC_ChangeBasePack_010" tests="1" failures="0" timestamp="28 Mar 2019 06:11:55 GMT" time="21.061" errors="0">
  <testcase name="changeBasePack" time="21.061" classname="mobiotics.lco.testCases.TC_ChangeBasePack_010"/>
</testsuite> <!-- mobiotics.lco.testCases.TC_ChangeBasePack_010 -->
