<?xml version="1.0" encoding="UTF-8"?>
<!-- Generated by org.testng.reporters.JUnitReportReporter -->
<testsuite skipped="0" hostname="LAPTOP-A313QKMS-rajesh" name="mobiotics.lco.testCases.TC_RenewPage_007" tests="1" failures="0" timestamp="09 Apr 2019 10:56:26 GMT" time="36.063" errors="0">
  <testcase name="renewPlane" time="36.063" classname="mobiotics.lco.testCases.TC_RenewPage_007"/>
</testsuite> <!-- mobiotics.lco.testCases.TC_RenewPage_007 -->
